{"/Users/testing/Documents/GitHub/nestjs-starter/src/common/auth/services/auth.service.ts": {"path":"/Users/testing/Documents/GitHub/nestjs-starter/src/common/auth/services/auth.service.ts","statementMap":{"0":{"start":{"line":2,"column":0},"end":{"line":2,"column":71}},"1":{"start":{"line":3,"column":0},"end":{"line":3,"column":39}},"2":{"start":{"line":4,"column":0},"end":{"line":4,"column":43}},"3":{"start":{"line":8,"column":0},"end":{"line":8,"column":69}},"4":{"start":{"line":9,"column":0},"end":{"line":9,"column":87}},"5":{"start":{"line":11,"column":0},"end":{"line":11,"column":91}},"6":{"start":{"line":12,"column":0},"end":{"line":12,"column":90}},"7":{"start":{"line":20,"column":7},"end":{"line":110,"column":null}},"8":{"start":{"line":22,"column":21},"end":{"line":22,"column":36}},"9":{"start":{"line":23,"column":21},"end":{"line":23,"column":40}},"10":{"start":{"line":25,"column":12},"end":{"line":25,"column":29}},"11":{"start":{"line":29,"column":4},"end":{"line":54,"column":5}},"12":{"start":{"line":30,"column":34},"end":{"line":30,"column":38}},"13":{"start":{"line":31,"column":19},"end":{"line":33,"column":8}},"14":{"start":{"line":34,"column":6},"end":{"line":36,"column":7}},"15":{"start":{"line":35,"column":8},"end":{"line":35,"column":76}},"16":{"start":{"line":37,"column":30},"end":{"line":39,"column":null}},"17":{"start":{"line":41,"column":6},"end":{"line":43,"column":7}},"18":{"start":{"line":42,"column":8},"end":{"line":42,"column":78}},"19":{"start":{"line":44,"column":21},"end":{"line":47,"column":8}},"20":{"start":{"line":48,"column":6},"end":{"line":51,"column":8}},"21":{"start":{"line":53,"column":6},"end":{"line":53,"column":14}},"22":{"start":{"line":58,"column":4},"end":{"line":98,"column":5}},"23":{"start":{"line":59,"column":55},"end":{"line":59,"column":59}},"24":{"start":{"line":60,"column":19},"end":{"line":62,"column":8}},"25":{"start":{"line":63,"column":6},"end":{"line":65,"column":7}},"26":{"start":{"line":64,"column":8},"end":{"line":64,"column":73}},"27":{"start":{"line":66,"column":21},"end":{"line":66,"column":70}},"28":{"start":{"line":67,"column":26},"end":{"line":75,"column":8}},"29":{"start":{"line":76,"column":6},"end":{"line":87,"column":8}},"30":{"start":{"line":88,"column":21},"end":{"line":91,"column":8}},"31":{"start":{"line":92,"column":6},"end":{"line":95,"column":8}},"32":{"start":{"line":97,"column":6},"end":{"line":97,"column":14}},"33":{"start":{"line":104,"column":19},"end":{"line":107,"column":6}},"34":{"start":{"line":108,"column":4},"end":{"line":108,"column":18}},"35":{"start":{"line":20,"column":13},"end":{"line":20,"column":24}},"36":{"start":{"line":20,"column":13},"end":{"line":110,"column":null}}},"fnMap":{"0":{"name":"(anonymous_4)","decl":{"start":{"line":21,"column":2},"end":{"line":21,"column":null}},"loc":{"start":{"line":25,"column":29},"end":{"line":26,"column":6}}},"1":{"name":"(anonymous_5)","decl":{"start":{"line":28,"column":9},"end":{"line":28,"column":14}},"loc":{"start":{"line":28,"column":39},"end":{"line":55,"column":3}}},"2":{"name":"(anonymous_6)","decl":{"start":{"line":57,"column":9},"end":{"line":57,"column":14}},"loc":{"start":{"line":57,"column":41},"end":{"line":99,"column":3}}},"3":{"name":"(anonymous_7)","decl":{"start":{"line":101,"column":9},"end":{"line":101,"column":14}},"loc":{"start":{"line":102,"column":22},"end":{"line":109,"column":3}}}},"branchMap":{"0":{"loc":{"start":{"line":34,"column":6},"end":{"line":36,"column":7}},"type":"if","locations":[{"start":{"line":34,"column":6},"end":{"line":36,"column":7}}]},"1":{"loc":{"start":{"line":41,"column":6},"end":{"line":43,"column":7}},"type":"if","locations":[{"start":{"line":41,"column":6},"end":{"line":43,"column":7}}]},"2":{"loc":{"start":{"line":63,"column":6},"end":{"line":65,"column":7}},"type":"if","locations":[{"start":{"line":63,"column":6},"end":{"line":65,"column":7}}]}},"s":{"0":1,"1":1,"2":1,"3":1,"4":1,"5":1,"6":1,"7":1,"8":6,"9":6,"10":6,"11":5,"12":5,"13":5,"14":5,"15":2,"16":3,"17":3,"18":2,"19":1,"20":1,"21":4,"22":3,"23":3,"24":3,"25":3,"26":2,"27":1,"28":1,"29":1,"30":1,"31":1,"32":2,"33":1,"34":1,"35":1,"36":1},"f":{"0":6,"1":5,"2":3,"3":1},"b":{"0":[2],"1":[2],"2":[2]}}
,"/Users/testing/Documents/GitHub/nestjs-starter/src/common/files/constants/files.enum.ts": {"path":"/Users/testing/Documents/GitHub/nestjs-starter/src/common/files/constants/files.enum.ts","statementMap":{"0":{"start":{"line":2,"column":0},"end":{"line":2,"column":null}},"1":{"start":{"line":3,"column":2},"end":{"line":3,"column":null}},"2":{"start":{"line":4,"column":2},"end":{"line":4,"column":null}}},"fnMap":{"0":{"name":"(anonymous_0)","decl":{"start":{"line":2,"column":0},"end":{"line":2,"column":12}},"loc":{"start":{"line":2,"column":26},"end":{"line":5,"column":1}}}},"branchMap":{"0":{"loc":{"start":{"line":2,"column":12},"end":{"line":2,"column":null}},"type":"binary-expr","locations":[{"start":{"line":2,"column":12},"end":{"line":2,"column":26}},{"start":{"line":2,"column":26},"end":{"line":2,"column":null}}]}},"s":{"0":1,"1":1,"2":1},"f":{"0":1},"b":{"0":[1,1]}}
,"/Users/testing/Documents/GitHub/nestjs-starter/src/common/files/services/files.service.ts": {"path":"/Users/testing/Documents/GitHub/nestjs-starter/src/common/files/services/files.service.ts","statementMap":{"0":{"start":{"line":1,"column":0},"end":{"line":1,"column":44}},"1":{"start":{"line":2,"column":0},"end":{"line":2,"column":64}},"2":{"start":{"line":3,"column":0},"end":{"line":3,"column":47}},"3":{"start":{"line":4,"column":0},"end":{"line":4,"column":61}},"4":{"start":{"line":11,"column":7},"end":{"line":45,"column":null}},"5":{"start":{"line":15,"column":31},"end":{"line":15,"column":46}},"6":{"start":{"line":16,"column":4},"end":{"line":22,"column":7}},"7":{"start":{"line":23,"column":4},"end":{"line":23,"column":65}},"8":{"start":{"line":30,"column":4},"end":{"line":43,"column":5}},"9":{"start":{"line":31,"column":18},"end":{"line":31,"column":68}},"10":{"start":{"line":32,"column":22},"end":{"line":36,"column":8}},"11":{"start":{"line":37,"column":18},"end":{"line":39,"column":8}},"12":{"start":{"line":40,"column":6},"end":{"line":40,"column":48}},"13":{"start":{"line":42,"column":6},"end":{"line":42,"column":14}},"14":{"start":{"line":11,"column":13},"end":{"line":11,"column":25}},"15":{"start":{"line":11,"column":13},"end":{"line":45,"column":null}}},"fnMap":{"0":{"name":"(anonymous_2)","decl":{"start":{"line":15,"column":2},"end":{"line":15,"column":31}},"loc":{"start":{"line":15,"column":59},"end":{"line":24,"column":3}}},"1":{"name":"(anonymous_3)","decl":{"start":{"line":26,"column":2},"end":{"line":26,"column":7}},"loc":{"start":{"line":28,"column":18},"end":{"line":44,"column":3}}}},"branchMap":{},"s":{"0":1,"1":1,"2":1,"3":1,"4":1,"5":3,"6":3,"7":3,"8":2,"9":2,"10":2,"11":2,"12":1,"13":1,"14":1,"15":1},"f":{"0":3,"1":2},"b":{}}
,"/Users/testing/Documents/GitHub/nestjs-starter/src/common/helper/services/encryption.service.ts": {"path":"/Users/testing/Documents/GitHub/nestjs-starter/src/common/helper/services/encryption.service.ts","statementMap":{"0":{"start":{"line":1,"column":0},"end":{"line":1,"column":71}},"1":{"start":{"line":3,"column":0},"end":{"line":3,"column":33}},"2":{"start":{"line":4,"column":0},"end":{"line":4,"column":44}},"3":{"start":{"line":5,"column":0},"end":{"line":5,"column":47}},"4":{"start":{"line":6,"column":0},"end":{"line":6,"column":41}},"5":{"start":{"line":17,"column":7},"end":{"line":99,"column":null}},"6":{"start":{"line":27,"column":21},"end":{"line":27,"column":36}},"7":{"start":{"line":28,"column":21},"end":{"line":28,"column":33}},"8":{"start":{"line":30,"column":4},"end":{"line":30,"column":30}},"9":{"start":{"line":31,"column":4},"end":{"line":31,"column":31}},"10":{"start":{"line":33,"column":4},"end":{"line":35,"column":6}},"11":{"start":{"line":36,"column":4},"end":{"line":38,"column":6}},"12":{"start":{"line":39,"column":4},"end":{"line":41,"column":6}},"13":{"start":{"line":42,"column":4},"end":{"line":44,"column":6}},"14":{"start":{"line":50,"column":24},"end":{"line":50,"column":61}},"15":{"start":{"line":51,"column":25},"end":{"line":51,"column":63}},"16":{"start":{"line":52,"column":4},"end":{"line":55,"column":6}},"17":{"start":{"line":59,"column":4},"end":{"line":62,"column":7}},"18":{"start":{"line":66,"column":4},"end":{"line":69,"column":7}},"19":{"start":{"line":73,"column":4},"end":{"line":73,"column":33}},"20":{"start":{"line":77,"column":4},"end":{"line":77,"column":41}},"21":{"start":{"line":81,"column":19},"end":{"line":81,"column":67}},"22":{"start":{"line":82,"column":22},"end":{"line":82,"column":74}},"23":{"start":{"line":83,"column":4},"end":{"line":86,"column":6}},"24":{"start":{"line":90,"column":16},"end":{"line":90,"column":38}},"25":{"start":{"line":91,"column":26},"end":{"line":91,"column":50}},"26":{"start":{"line":92,"column":21},"end":{"line":92,"column":67}},"27":{"start":{"line":93,"column":22},"end":{"line":96,"column":6}},"28":{"start":{"line":97,"column":4},"end":{"line":97,"column":32}},"29":{"start":{"line":17,"column":13},"end":{"line":17,"column":30}},"30":{"start":{"line":17,"column":13},"end":{"line":99,"column":null}}},"fnMap":{"0":{"name":"(anonymous_8)","decl":{"start":{"line":26,"column":2},"end":{"line":26,"column":null}},"loc":{"start":{"line":28,"column":43},"end":{"line":45,"column":3}}},"1":{"name":"(anonymous_9)","decl":{"start":{"line":47,"column":9},"end":{"line":47,"column":14}},"loc":{"start":{"line":48,"column":22},"end":{"line":56,"column":3}}},"2":{"name":"(anonymous_10)","decl":{"start":{"line":58,"column":9},"end":{"line":58,"column":26}},"loc":{"start":{"line":58,"column":45},"end":{"line":63,"column":3}}},"3":{"name":"(anonymous_11)","decl":{"start":{"line":65,"column":9},"end":{"line":65,"column":27}},"loc":{"start":{"line":65,"column":46},"end":{"line":70,"column":3}}},"4":{"name":"(anonymous_12)","decl":{"start":{"line":72,"column":9},"end":{"line":72,"column":19}},"loc":{"start":{"line":72,"column":36},"end":{"line":74,"column":3}}},"5":{"name":"(anonymous_13)","decl":{"start":{"line":76,"column":9},"end":{"line":76,"column":14}},"loc":{"start":{"line":76,"column":45},"end":{"line":78,"column":3}}},"6":{"name":"(anonymous_14)","decl":{"start":{"line":80,"column":9},"end":{"line":80,"column":16}},"loc":{"start":{"line":80,"column":29},"end":{"line":87,"column":3}}},"7":{"name":"(anonymous_15)","decl":{"start":{"line":89,"column":9},"end":{"line":89,"column":16}},"loc":{"start":{"line":89,"column":50},"end":{"line":98,"column":3}}}},"branchMap":{},"s":{"0":2,"1":2,"2":2,"3":2,"4":2,"5":2,"6":8,"7":8,"8":8,"9":8,"10":8,"11":8,"12":8,"13":8,"14":1,"15":1,"16":1,"17":1,"18":1,"19":1,"20":2,"21":1,"22":1,"23":1,"24":1,"25":1,"26":1,"27":1,"28":1,"29":2,"30":2},"f":{"0":8,"1":1,"2":1,"3":1,"4":1,"5":2,"6":1,"7":1},"b":{}}
,"/Users/testing/Documents/GitHub/nestjs-starter/src/common/helper/services/prisma.service.ts": {"path":"/Users/testing/Documents/GitHub/nestjs-starter/src/common/helper/services/prisma.service.ts","statementMap":{"0":{"start":{"line":1,"column":0},"end":{"line":1,"column":58}},"1":{"start":{"line":3,"column":0},"end":{"line":3,"column":46}},"2":{"start":{"line":6,"column":7},"end":{"line":27,"column":null}},"3":{"start":{"line":8,"column":4},"end":{"line":8,"column":26}},"4":{"start":{"line":12,"column":4},"end":{"line":25,"column":5}},"5":{"start":{"line":13,"column":6},"end":{"line":13,"column":37}},"6":{"start":{"line":14,"column":6},"end":{"line":18,"column":9}},"7":{"start":{"line":20,"column":6},"end":{"line":24,"column":9}},"8":{"start":{"line":6,"column":13},"end":{"line":6,"column":26}},"9":{"start":{"line":6,"column":13},"end":{"line":27,"column":null}}},"fnMap":{"0":{"name":"(anonymous_1)","decl":{"start":{"line":7,"column":2},"end":{"line":7,"column":7}},"loc":{"start":{"line":7,"column":20},"end":{"line":9,"column":3}}},"1":{"name":"(anonymous_2)","decl":{"start":{"line":11,"column":2},"end":{"line":11,"column":7}},"loc":{"start":{"line":11,"column":17},"end":{"line":26,"column":3}}}},"branchMap":{},"s":{"0":6,"1":6,"2":6,"3":1,"4":2,"5":2,"6":1,"7":1,"8":6,"9":6},"f":{"0":1,"1":2},"b":{}}
,"/Users/testing/Documents/GitHub/nestjs-starter/src/common/helper/services/task.service.ts": {"path":"/Users/testing/Documents/GitHub/nestjs-starter/src/common/helper/services/task.service.ts","statementMap":{"0":{"start":{"line":1,"column":0},"end":{"line":1,"column":59}},"1":{"start":{"line":2,"column":0},"end":{"line":2,"column":40}},"2":{"start":{"line":5,"column":24},"end":{"line":12,"column":null}},"3":{"start":{"line":6,"column":10},"end":{"line":6,"column":48}},"4":{"start":{"line":10,"column":4},"end":{"line":10,"column":50}},"5":{"start":{"line":5,"column":13},"end":{"line":5,"column":24}},"6":{"start":{"line":9,"column":2},"end":{"line":11,"column":null}},"7":{"start":{"line":5,"column":13},"end":{"line":12,"column":null}}},"fnMap":{"0":{"name":"(anonymous_2)","decl":{"start":{"line":5,"column":7},"end":{"line":5,"column":13}},"loc":{"start":{"line":5,"column":7},"end":{"line":12,"column":1}}},"1":{"name":"(anonymous_3)","decl":{"start":{"line":9,"column":2},"end":{"line":9,"column":12}},"loc":{"start":{"line":9,"column":12},"end":{"line":11,"column":3}}}},"branchMap":{},"s":{"0":1,"1":1,"2":1,"3":2,"4":1,"5":1,"6":1,"7":1},"f":{"0":2,"1":1},"b":{}}
,"/Users/testing/Documents/GitHub/nestjs-starter/src/common/notification/constants/notification.constants.ts": {"path":"/Users/testing/Documents/GitHub/nestjs-starter/src/common/notification/constants/notification.constants.ts","statementMap":{"0":{"start":{"line":2,"column":13},"end":{"line":5,"column":2}}},"fnMap":{},"branchMap":{},"s":{"0":1},"f":{},"b":{}}
,"/Users/testing/Documents/GitHub/nestjs-starter/src/common/notification/constants/notification.enum.ts": {"path":"/Users/testing/Documents/GitHub/nestjs-starter/src/common/notification/constants/notification.enum.ts","statementMap":{"0":{"start":{"line":2,"column":0},"end":{"line":2,"column":null}},"1":{"start":{"line":3,"column":2},"end":{"line":3,"column":null}}},"fnMap":{"0":{"name":"(anonymous_0)","decl":{"start":{"line":2,"column":0},"end":{"line":2,"column":12}},"loc":{"start":{"line":2,"column":26},"end":{"line":4,"column":1}}}},"branchMap":{"0":{"loc":{"start":{"line":2,"column":12},"end":{"line":2,"column":null}},"type":"binary-expr","locations":[{"start":{"line":2,"column":12},"end":{"line":2,"column":26}},{"start":{"line":2,"column":26},"end":{"line":2,"column":null}}]}},"s":{"0":1,"1":1},"f":{"0":1},"b":{"0":[1,1]}}
,"/Users/testing/Documents/GitHub/nestjs-starter/src/common/notification/services/notification.service.ts": {"path":"/Users/testing/Documents/GitHub/nestjs-starter/src/common/notification/services/notification.service.ts","statementMap":{"0":{"start":{"line":1,"column":0},"end":{"line":1,"column":71}},"1":{"start":{"line":8,"column":0},"end":{"line":8,"column":79}},"2":{"start":{"line":15,"column":7},"end":{"line":136,"column":null}},"3":{"start":{"line":16,"column":31},"end":{"line":16,"column":46}},"4":{"start":{"line":22,"column":55},"end":{"line":22,"column":59}},"5":{"start":{"line":23,"column":4},"end":{"line":52,"column":7}},"6":{"start":{"line":35,"column":46},"end":{"line":41,"column":12}},"7":{"start":{"line":58,"column":4},"end":{"line":105,"column":5}},"8":{"start":{"line":59,"column":38},"end":{"line":59,"column":44}},"9":{"start":{"line":60,"column":19},"end":{"line":60,"column":37}},"10":{"start":{"line":61,"column":20},"end":{"line":74,"column":8}},"11":{"start":{"line":75,"column":19},"end":{"line":98,"column":8}},"12":{"start":{"line":99,"column":6},"end":{"line":102,"column":8}},"13":{"start":{"line":104,"column":6},"end":{"line":104,"column":14}},"14":{"start":{"line":111,"column":18},"end":{"line":115,"column":6}},"15":{"start":{"line":116,"column":4},"end":{"line":121,"column":5}},"16":{"start":{"line":117,"column":6},"end":{"line":120,"column":8}},"17":{"start":{"line":122,"column":4},"end":{"line":130,"column":7}},"18":{"start":{"line":131,"column":4},"end":{"line":134,"column":6}},"19":{"start":{"line":15,"column":13},"end":{"line":15,"column":32}},"20":{"start":{"line":15,"column":13},"end":{"line":136,"column":null}}},"fnMap":{"0":{"name":"(anonymous_2)","decl":{"start":{"line":16,"column":2},"end":{"line":16,"column":31}},"loc":{"start":{"line":16,"column":59},"end":{"line":16,"column":63}}},"1":{"name":"(anonymous_3)","decl":{"start":{"line":18,"column":9},"end":{"line":18,"column":14}},"loc":{"start":{"line":20,"column":31},"end":{"line":53,"column":3}}},"2":{"name":"(anonymous_4)","decl":{"start":{"line":35,"column":33},"end":{"line":35,"column":34}},"loc":{"start":{"line":35,"column":46},"end":{"line":41,"column":12}}},"3":{"name":"(anonymous_5)","decl":{"start":{"line":55,"column":9},"end":{"line":55,"column":14}},"loc":{"start":{"line":56,"column":30},"end":{"line":106,"column":3}}},"4":{"name":"(anonymous_6)","decl":{"start":{"line":108,"column":2},"end":{"line":108,"column":7}},"loc":{"start":{"line":109,"column":26},"end":{"line":135,"column":3}}}},"branchMap":{"0":{"loc":{"start":{"line":63,"column":14},"end":{"line":72,"column":12}},"type":"binary-expr","locations":[{"start":{"line":63,"column":14},"end":{"line":63,"column":20}},{"start":{"line":63,"column":24},"end":{"line":72,"column":12}}]},"1":{"loc":{"start":{"line":77,"column":14},"end":{"line":86,"column":12}},"type":"binary-expr","locations":[{"start":{"line":77,"column":14},"end":{"line":77,"column":20}},{"start":{"line":77,"column":24},"end":{"line":86,"column":12}}]},"2":{"loc":{"start":{"line":116,"column":4},"end":{"line":121,"column":5}},"type":"if","locations":[{"start":{"line":116,"column":4},"end":{"line":121,"column":5}}]}},"s":{"0":1,"1":1,"2":1,"3":6,"4":1,"5":1,"6":1,"7":2,"8":2,"9":2,"10":2,"11":1,"12":1,"13":1,"14":2,"15":2,"16":1,"17":1,"18":1,"19":1,"20":1},"f":{"0":6,"1":1,"2":1,"3":2,"4":2},"b":{"0":[2,2],"1":[1,1],"2":[1]}}
,"/Users/testing/Documents/GitHub/nestjs-starter/src/common/notification/services/text-message.service.ts": {"path":"/Users/testing/Documents/GitHub/nestjs-starter/src/common/notification/services/text-message.service.ts","statementMap":{"0":{"start":{"line":1,"column":0},"end":{"line":1,"column":44}},"1":{"start":{"line":2,"column":0},"end":{"line":2,"column":64}},"2":{"start":{"line":3,"column":0},"end":{"line":3,"column":47}},"3":{"start":{"line":8,"column":7},"end":{"line":33,"column":null}},"4":{"start":{"line":11,"column":31},"end":{"line":11,"column":46}},"5":{"start":{"line":12,"column":4},"end":{"line":18,"column":7}},"6":{"start":{"line":22,"column":4},"end":{"line":31,"column":5}},"7":{"start":{"line":23,"column":22},"end":{"line":26,"column":8}},"8":{"start":{"line":27,"column":23},"end":{"line":27,"column":57}},"9":{"start":{"line":28,"column":6},"end":{"line":28,"column":32}},"10":{"start":{"line":30,"column":6},"end":{"line":30,"column":61}},"11":{"start":{"line":8,"column":13},"end":{"line":8,"column":31}},"12":{"start":{"line":8,"column":13},"end":{"line":33,"column":null}}},"fnMap":{"0":{"name":"(anonymous_2)","decl":{"start":{"line":11,"column":2},"end":{"line":11,"column":31}},"loc":{"start":{"line":11,"column":59},"end":{"line":19,"column":3}}},"1":{"name":"(anonymous_3)","decl":{"start":{"line":21,"column":2},"end":{"line":21,"column":7}},"loc":{"start":{"line":21,"column":52},"end":{"line":32,"column":3}}}},"branchMap":{},"s":{"0":1,"1":1,"2":1,"3":1,"4":3,"5":3,"6":2,"7":2,"8":2,"9":1,"10":1,"11":1,"12":1},"f":{"0":3,"1":2},"b":{}}
,"/Users/testing/Documents/GitHub/nestjs-starter/src/modules/post/services/post.service.ts": {"path":"/Users/testing/Documents/GitHub/nestjs-starter/src/modules/post/services/post.service.ts","statementMap":{"0":{"start":{"line":1,"column":0},"end":{"line":1,"column":71}},"1":{"start":{"line":8,"column":0},"end":{"line":8,"column":79}},"2":{"start":{"line":17,"column":7},"end":{"line":171,"column":null}},"3":{"start":{"line":18,"column":31},"end":{"line":18,"column":46}},"4":{"start":{"line":24,"column":4},"end":{"line":54,"column":5}},"5":{"start":{"line":25,"column":41},"end":{"line":25,"column":45}},"6":{"start":{"line":26,"column":19},"end":{"line":28,"column":8}},"7":{"start":{"line":29,"column":6},"end":{"line":31,"column":7}},"8":{"start":{"line":30,"column":8},"end":{"line":30,"column":76}},"9":{"start":{"line":32,"column":6},"end":{"line":51,"column":9}},"10":{"start":{"line":37,"column":41},"end":{"line":39,"column":14}},"11":{"start":{"line":53,"column":6},"end":{"line":53,"column":14}},"12":{"start":{"line":58,"column":4},"end":{"line":73,"column":5}},"13":{"start":{"line":59,"column":19},"end":{"line":59,"column":78}},"14":{"start":{"line":60,"column":6},"end":{"line":62,"column":7}},"15":{"start":{"line":61,"column":8},"end":{"line":61,"column":76}},"16":{"start":{"line":63,"column":6},"end":{"line":66,"column":9}},"17":{"start":{"line":67,"column":6},"end":{"line":70,"column":8}},"18":{"start":{"line":72,"column":6},"end":{"line":72,"column":14}},"19":{"start":{"line":77,"column":4},"end":{"line":122,"column":5}},"20":{"start":{"line":78,"column":38},"end":{"line":78,"column":44}},"21":{"start":{"line":79,"column":19},"end":{"line":79,"column":37}},"22":{"start":{"line":80,"column":20},"end":{"line":94,"column":8}},"23":{"start":{"line":95,"column":19},"end":{"line":115,"column":8}},"24":{"start":{"line":116,"column":6},"end":{"line":119,"column":8}},"25":{"start":{"line":121,"column":6},"end":{"line":121,"column":14}},"26":{"start":{"line":129,"column":4},"end":{"line":169,"column":5}},"27":{"start":{"line":130,"column":41},"end":{"line":130,"column":45}},"28":{"start":{"line":132,"column":19},"end":{"line":135,"column":8}},"29":{"start":{"line":137,"column":6},"end":{"line":139,"column":7}},"30":{"start":{"line":138,"column":8},"end":{"line":138,"column":76}},"31":{"start":{"line":140,"column":28},"end":{"line":140,"column":67}},"32":{"start":{"line":140,"column":55},"end":{"line":140,"column":66}},"33":{"start":{"line":142,"column":29},"end":{"line":143,"column":null}},"34":{"start":{"line":143,"column":19},"end":{"line":143,"column":42}},"35":{"start":{"line":145,"column":26},"end":{"line":146,"column":null}},"36":{"start":{"line":146,"column":19},"end":{"line":146,"column":49}},"37":{"start":{"line":148,"column":6},"end":{"line":166,"column":9}},"38":{"start":{"line":157,"column":46},"end":{"line":159,"column":14}},"39":{"start":{"line":168,"column":6},"end":{"line":168,"column":14}},"40":{"start":{"line":17,"column":13},"end":{"line":17,"column":24}},"41":{"start":{"line":17,"column":13},"end":{"line":171,"column":null}}},"fnMap":{"0":{"name":"(anonymous_2)","decl":{"start":{"line":18,"column":2},"end":{"line":18,"column":31}},"loc":{"start":{"line":18,"column":59},"end":{"line":18,"column":63}}},"1":{"name":"(anonymous_3)","decl":{"start":{"line":20,"column":2},"end":{"line":20,"column":7}},"loc":{"start":{"line":22,"column":23},"end":{"line":55,"column":3}}},"2":{"name":"(anonymous_4)","decl":{"start":{"line":37,"column":31},"end":{"line":37,"column":32}},"loc":{"start":{"line":37,"column":41},"end":{"line":39,"column":14}}},"3":{"name":"(anonymous_5)","decl":{"start":{"line":57,"column":2},"end":{"line":57,"column":7}},"loc":{"start":{"line":57,"column":25},"end":{"line":74,"column":3}}},"4":{"name":"(anonymous_6)","decl":{"start":{"line":76,"column":2},"end":{"line":76,"column":7}},"loc":{"start":{"line":76,"column":34},"end":{"line":123,"column":3}}},"5":{"name":"(anonymous_7)","decl":{"start":{"line":125,"column":2},"end":{"line":125,"column":7}},"loc":{"start":{"line":127,"column":23},"end":{"line":170,"column":3}}},"6":{"name":"(anonymous_8)","decl":{"start":{"line":140,"column":44},"end":{"line":140,"column":45}},"loc":{"start":{"line":140,"column":55},"end":{"line":140,"column":66}}},"7":{"name":"(anonymous_9)","decl":{"start":{"line":143,"column":8},"end":{"line":143,"column":9}},"loc":{"start":{"line":143,"column":19},"end":{"line":143,"column":42}}},"8":{"name":"(anonymous_10)","decl":{"start":{"line":146,"column":8},"end":{"line":146,"column":9}},"loc":{"start":{"line":146,"column":19},"end":{"line":146,"column":49}}},"9":{"name":"(anonymous_11)","decl":{"start":{"line":157,"column":36},"end":{"line":157,"column":37}},"loc":{"start":{"line":157,"column":46},"end":{"line":159,"column":14}}}},"branchMap":{"0":{"loc":{"start":{"line":29,"column":6},"end":{"line":31,"column":7}},"type":"if","locations":[{"start":{"line":29,"column":6},"end":{"line":31,"column":7}}]},"1":{"loc":{"start":{"line":60,"column":6},"end":{"line":62,"column":7}},"type":"if","locations":[{"start":{"line":60,"column":6},"end":{"line":62,"column":7}}]},"2":{"loc":{"start":{"line":82,"column":14},"end":{"line":91,"column":12}},"type":"binary-expr","locations":[{"start":{"line":82,"column":14},"end":{"line":82,"column":20}},{"start":{"line":82,"column":24},"end":{"line":91,"column":12}}]},"3":{"loc":{"start":{"line":97,"column":14},"end":{"line":106,"column":12}},"type":"binary-expr","locations":[{"start":{"line":97,"column":14},"end":{"line":97,"column":20}},{"start":{"line":97,"column":24},"end":{"line":106,"column":12}}]},"4":{"loc":{"start":{"line":137,"column":6},"end":{"line":139,"column":7}},"type":"if","locations":[{"start":{"line":137,"column":6},"end":{"line":139,"column":7}}]}},"s":{"0":1,"1":1,"2":1,"3":9,"4":2,"5":2,"6":2,"7":2,"8":1,"9":1,"10":2,"11":1,"12":2,"13":2,"14":2,"15":1,"16":1,"17":1,"18":1,"19":2,"20":2,"21":2,"22":2,"23":1,"24":1,"25":1,"26":2,"27":2,"28":2,"29":2,"30":1,"31":1,"32":2,"33":1,"34":2,"35":1,"36":2,"37":1,"38":1,"39":1,"40":1,"41":1},"f":{"0":9,"1":2,"2":2,"3":2,"4":2,"5":2,"6":2,"7":2,"8":2,"9":1},"b":{"0":[1],"1":[1],"2":[2,2],"3":[1,1],"4":[1]}}
,"/Users/testing/Documents/GitHub/nestjs-starter/src/modules/user/services/user.service.ts": {"path":"/Users/testing/Documents/GitHub/nestjs-starter/src/modules/user/services/user.service.ts","statementMap":{"0":{"start":{"line":1,"column":0},"end":{"line":1,"column":71}},"1":{"start":{"line":4,"column":0},"end":{"line":4,"column":79}},"2":{"start":{"line":13,"column":7},"end":{"line":87,"column":null}},"3":{"start":{"line":14,"column":31},"end":{"line":14,"column":46}},"4":{"start":{"line":20,"column":4},"end":{"line":41,"column":5}},"5":{"start":{"line":21,"column":53},"end":{"line":21,"column":57}},"6":{"start":{"line":22,"column":19},"end":{"line":24,"column":8}},"7":{"start":{"line":25,"column":6},"end":{"line":27,"column":7}},"8":{"start":{"line":26,"column":8},"end":{"line":26,"column":76}},"9":{"start":{"line":28,"column":6},"end":{"line":38,"column":9}},"10":{"start":{"line":40,"column":6},"end":{"line":40,"column":14}},"11":{"start":{"line":45,"column":4},"end":{"line":69,"column":5}},"12":{"start":{"line":46,"column":20},"end":{"line":50,"column":8}},"13":{"start":{"line":51,"column":6},"end":{"line":53,"column":7}},"14":{"start":{"line":52,"column":8},"end":{"line":52,"column":76}},"15":{"start":{"line":54,"column":6},"end":{"line":62,"column":9}},"16":{"start":{"line":63,"column":6},"end":{"line":66,"column":8}},"17":{"start":{"line":68,"column":6},"end":{"line":68,"column":14}},"18":{"start":{"line":73,"column":4},"end":{"line":85,"column":5}},"19":{"start":{"line":74,"column":20},"end":{"line":78,"column":8}},"20":{"start":{"line":79,"column":6},"end":{"line":81,"column":7}},"21":{"start":{"line":80,"column":8},"end":{"line":80,"column":76}},"22":{"start":{"line":82,"column":6},"end":{"line":82,"column":19}},"23":{"start":{"line":84,"column":6},"end":{"line":84,"column":14}},"24":{"start":{"line":13,"column":13},"end":{"line":13,"column":24}},"25":{"start":{"line":13,"column":13},"end":{"line":87,"column":null}}},"fnMap":{"0":{"name":"(anonymous_2)","decl":{"start":{"line":14,"column":2},"end":{"line":14,"column":31}},"loc":{"start":{"line":14,"column":59},"end":{"line":14,"column":63}}},"1":{"name":"(anonymous_3)","decl":{"start":{"line":16,"column":2},"end":{"line":16,"column":7}},"loc":{"start":{"line":18,"column":23},"end":{"line":42,"column":3}}},"2":{"name":"(anonymous_4)","decl":{"start":{"line":44,"column":2},"end":{"line":44,"column":7}},"loc":{"start":{"line":44,"column":33},"end":{"line":70,"column":3}}},"3":{"name":"(anonymous_5)","decl":{"start":{"line":72,"column":2},"end":{"line":72,"column":7}},"loc":{"start":{"line":72,"column":29},"end":{"line":86,"column":3}}}},"branchMap":{"0":{"loc":{"start":{"line":25,"column":6},"end":{"line":27,"column":7}},"type":"if","locations":[{"start":{"line":25,"column":6},"end":{"line":27,"column":7}}]},"1":{"loc":{"start":{"line":51,"column":6},"end":{"line":53,"column":7}},"type":"if","locations":[{"start":{"line":51,"column":6},"end":{"line":53,"column":7}}]},"2":{"loc":{"start":{"line":79,"column":6},"end":{"line":81,"column":7}},"type":"if","locations":[{"start":{"line":79,"column":6},"end":{"line":81,"column":7}}]}},"s":{"0":1,"1":1,"2":1,"3":7,"4":2,"5":2,"6":2,"7":2,"8":1,"9":1,"10":1,"11":2,"12":2,"13":2,"14":1,"15":1,"16":1,"17":1,"18":2,"19":2,"20":2,"21":1,"22":1,"23":1,"24":1,"25":1},"f":{"0":7,"1":2,"2":2,"3":2},"b":{"0":[1],"1":[1],"2":[1]}}
}
