TN:
SF:src/common/auth/services/auth.service.ts
FN:21,(anonymous_4)
FN:28,(anonymous_5)
FN:57,(anonymous_6)
FN:101,(anonymous_7)
FNF:4
FNH:4
FNDA:6,(anonymous_4)
FNDA:5,(anonymous_5)
FNDA:3,(anonymous_6)
FNDA:1,(anonymous_7)
DA:2,1
DA:3,1
DA:4,1
DA:8,1
DA:9,1
DA:11,1
DA:12,1
DA:20,1
DA:22,6
DA:23,6
DA:25,6
DA:29,5
DA:30,5
DA:31,5
DA:34,5
DA:35,2
DA:37,3
DA:41,3
DA:42,2
DA:44,1
DA:48,1
DA:53,4
DA:58,3
DA:59,3
DA:60,3
DA:63,3
DA:64,2
DA:66,1
DA:67,1
DA:76,1
DA:88,1
DA:92,1
DA:97,2
DA:104,1
DA:108,1
LF:35
LH:35
BRDA:34,0,0,2
BRDA:41,1,0,2
BRDA:63,2,0,2
BRF:3
BRH:3
end_of_record
TN:
SF:src/common/files/constants/files.enum.ts
FN:2,(anonymous_0)
FNF:1
FNH:1
FNDA:1,(anonymous_0)
DA:2,1
DA:3,1
DA:4,1
LF:3
LH:3
BRDA:2,0,0,1
BRDA:2,0,1,1
BRF:2
BRH:2
end_of_record
TN:
SF:src/common/files/services/files.service.ts
FN:15,(anonymous_2)
FN:26,(anonymous_3)
FNF:2
FNH:2
FNDA:3,(anonymous_2)
FNDA:2,(anonymous_3)
DA:1,1
DA:2,1
DA:3,1
DA:4,1
DA:11,1
DA:15,3
DA:16,3
DA:23,3
DA:30,2
DA:31,2
DA:32,2
DA:37,2
DA:40,1
DA:42,1
LF:14
LH:14
BRF:0
BRH:0
end_of_record
TN:
SF:src/common/helper/services/encryption.service.ts
FN:26,(anonymous_8)
FN:47,(anonymous_9)
FN:58,(anonymous_10)
FN:65,(anonymous_11)
FN:72,(anonymous_12)
FN:76,(anonymous_13)
FN:80,(anonymous_14)
FN:89,(anonymous_15)
FNF:8
FNH:8
FNDA:8,(anonymous_8)
FNDA:1,(anonymous_9)
FNDA:1,(anonymous_10)
FNDA:1,(anonymous_11)
FNDA:1,(anonymous_12)
FNDA:2,(anonymous_13)
FNDA:1,(anonymous_14)
FNDA:1,(anonymous_15)
DA:1,2
DA:3,2
DA:4,2
DA:5,2
DA:6,2
DA:17,2
DA:27,8
DA:28,8
DA:30,8
DA:31,8
DA:33,8
DA:36,8
DA:39,8
DA:42,8
DA:50,1
DA:51,1
DA:52,1
DA:59,1
DA:66,1
DA:73,1
DA:77,2
DA:81,1
DA:82,1
DA:83,1
DA:90,1
DA:91,1
DA:92,1
DA:93,1
DA:97,1
LF:29
LH:29
BRF:0
BRH:0
end_of_record
TN:
SF:src/common/helper/services/prisma.service.ts
FN:7,(anonymous_1)
FN:11,(anonymous_2)
FNF:2
FNH:2
FNDA:1,(anonymous_1)
FNDA:2,(anonymous_2)
DA:1,6
DA:3,6
DA:6,6
DA:8,1
DA:12,2
DA:13,2
DA:14,1
DA:20,1
LF:8
LH:8
BRF:0
BRH:0
end_of_record
TN:
SF:src/common/helper/services/task.service.ts
FN:5,(anonymous_2)
FN:9,(anonymous_3)
FNF:2
FNH:2
FNDA:2,(anonymous_2)
FNDA:1,(anonymous_3)
DA:1,1
DA:2,1
DA:5,1
DA:6,2
DA:9,1
DA:10,1
LF:6
LH:6
BRF:0
BRH:0
end_of_record
TN:
SF:src/common/notification/constants/notification.constants.ts
FNF:0
FNH:0
DA:2,1
LF:1
LH:1
BRF:0
BRH:0
end_of_record
TN:
SF:src/common/notification/constants/notification.enum.ts
FN:2,(anonymous_0)
FNF:1
FNH:1
FNDA:1,(anonymous_0)
DA:2,1
DA:3,1
LF:2
LH:2
BRDA:2,0,0,1
BRDA:2,0,1,1
BRF:2
BRH:2
end_of_record
TN:
SF:src/common/notification/services/notification.service.ts
FN:16,(anonymous_2)
FN:18,(anonymous_3)
FN:35,(anonymous_4)
FN:55,(anonymous_5)
FN:108,(anonymous_6)
FNF:5
FNH:5
FNDA:6,(anonymous_2)
FNDA:1,(anonymous_3)
FNDA:1,(anonymous_4)
FNDA:2,(anonymous_5)
FNDA:2,(anonymous_6)
DA:1,1
DA:8,1
DA:15,1
DA:16,6
DA:22,1
DA:23,1
DA:35,1
DA:58,2
DA:59,2
DA:60,2
DA:61,2
DA:75,1
DA:99,1
DA:104,1
DA:111,2
DA:116,2
DA:117,1
DA:122,1
DA:131,1
LF:19
LH:19
BRDA:63,0,0,2
BRDA:63,0,1,2
BRDA:77,1,0,1
BRDA:77,1,1,1
BRDA:116,2,0,1
BRF:5
BRH:5
end_of_record
TN:
SF:src/common/notification/services/text-message.service.ts
FN:11,(anonymous_2)
FN:21,(anonymous_3)
FNF:2
FNH:2
FNDA:3,(anonymous_2)
FNDA:2,(anonymous_3)
DA:1,1
DA:2,1
DA:3,1
DA:8,1
DA:11,3
DA:12,3
DA:22,2
DA:23,2
DA:27,2
DA:28,1
DA:30,1
LF:11
LH:11
BRF:0
BRH:0
end_of_record
TN:
SF:src/modules/post/services/post.service.ts
FN:18,(anonymous_2)
FN:20,(anonymous_3)
FN:37,(anonymous_4)
FN:57,(anonymous_5)
FN:76,(anonymous_6)
FN:125,(anonymous_7)
FN:140,(anonymous_8)
FN:143,(anonymous_9)
FN:146,(anonymous_10)
FN:157,(anonymous_11)
FNF:10
FNH:10
FNDA:9,(anonymous_2)
FNDA:2,(anonymous_3)
FNDA:2,(anonymous_4)
FNDA:2,(anonymous_5)
FNDA:2,(anonymous_6)
FNDA:2,(anonymous_7)
FNDA:2,(anonymous_8)
FNDA:2,(anonymous_9)
FNDA:2,(anonymous_10)
FNDA:1,(anonymous_11)
DA:1,1
DA:8,1
DA:17,1
DA:18,9
DA:24,2
DA:25,2
DA:26,2
DA:29,2
DA:30,1
DA:32,1
DA:37,2
DA:53,1
DA:58,2
DA:59,2
DA:60,2
DA:61,1
DA:63,1
DA:67,1
DA:72,1
DA:77,2
DA:78,2
DA:79,2
DA:80,2
DA:95,1
DA:116,1
DA:121,1
DA:129,2
DA:130,2
DA:132,2
DA:137,2
DA:138,1
DA:140,2
DA:142,1
DA:143,2
DA:145,1
DA:146,2
DA:148,1
DA:157,1
DA:168,1
LF:39
LH:39
BRDA:29,0,0,1
BRDA:60,1,0,1
BRDA:82,2,0,2
BRDA:82,2,1,2
BRDA:97,3,0,1
BRDA:97,3,1,1
BRDA:137,4,0,1
BRF:7
BRH:7
end_of_record
TN:
SF:src/modules/user/services/user.service.ts
FN:14,(anonymous_2)
FN:16,(anonymous_3)
FN:44,(anonymous_4)
FN:72,(anonymous_5)
FNF:4
FNH:4
FNDA:7,(anonymous_2)
FNDA:2,(anonymous_3)
FNDA:2,(anonymous_4)
FNDA:2,(anonymous_5)
DA:1,1
DA:4,1
DA:13,1
DA:14,7
DA:20,2
DA:21,2
DA:22,2
DA:25,2
DA:26,1
DA:28,1
DA:40,1
DA:45,2
DA:46,2
DA:51,2
DA:52,1
DA:54,1
DA:63,1
DA:68,1
DA:73,2
DA:74,2
DA:79,2
DA:80,1
DA:82,1
DA:84,1
LF:24
LH:24
BRDA:25,0,0,1
BRDA:51,1,0,1
BRDA:79,2,0,1
BRF:3
BRH:3
end_of_record
